{ Using PSTWRITER 16.6.0 d001Dec-02-2018 at 16:19:35 }

#1 WARNING(ORCAP-36006): Part Name "CAPACITOR_CPCYL1D200LS100031_CAPACITOR" is renamed to "CAPACITOR_CPCYL1D200LS100031_CA".
#2 WARNING(ORCAP-36006): Part Name "CAPACITOR_CPCYL1D200LS100031_0.1U" is renamed to "CAPACITOR_CPCYL1D200LS100031_0.".
#3 WARNING(ORCAP-36006): Part Name "CAPACITOR_1_CPCYL1D200LS100031_100U" is renamed to "CAPACITOR_1_CPCYL1D200LS100031_".
#4 WARNING(ORCAP-36006): Part Name "HEADER 7X2_TYCO100VH14J7_HEADER 7X2" is renamed to "HEADER 7X2_TYCO100VH14J7_HEADER".
#5 WARNING(ORCAP-36006): Part Name "HEADER 15X2_TYCO100VH30_HEADER 15X2" is renamed to "HEADER 15X2_TYCO100VH30_HEADER".
#6 WARNING(ORCAP-36006): Part Name "CONN DSUB 9-P_DSUBRP318TM9_CONN DSUB 9-P" is renamed to "CONN DSUB 9-P_DSUBRP318TM9_CONN".
#7 WARNING(ORCAP-36006): Part Name "SW DIP-12_DIP10024W300L1275_SW DIP-12" is renamed to "SW DIP-12_DIP10024W300L1275_SW".
#8 WARNING(ORCAP-36006): Part Name "SW TACT-SPST-2_PTS645_SW TACT-SPST-2" is renamed to "SW TACT-SPST-2_PTS645_SW TACT-S".
#9 WARNING(ORCAP-36006): Part Name "SW TACT-SPST-2/SM_PTS645_SW TACT-SPST-2/SM" is renamed to "SW TACT-SPST-2/SM_PTS645_SW TAC".
#10 WARNING(ORCAP-36006): Part Name "74LS244_DIP10020W300L1000_74LS244" is renamed to "74LS244_DIP10020W300L1000_74LS2".
#11 WARNING(ORCAP-36006): Part Name "74LS373_DIP10020W300L1000_74LS373" is renamed to "74LS373_DIP10020W300L1000_74LS3".
#12 WARNING(ORCAP-36006): Part Name "74LS245_DIP10020W300L1000_74LS245" is renamed to "74LS245_DIP10020W300L1000_74LS2".
#13 WARNING(ORCAP-36006): Part Name "74LS374_DIP10020W300L1000_74LS374" is renamed to "74LS374_DIP10020W300L1000_74LS3".
#14 WARNING(ORCAP-36006): Part Name "7 SEGMENT LED_LED_HDSP_H101_7 SEGMENT LED" is renamed to "7 SEGMENT LED_LED_HDSP_H101_7 S".
#15 WARNING(ORCAP-36006): Part Name "CY7C199_DIP10028W300L1400_CY7C199" is renamed to "CY7C199_DIP10028W300L1400_CY7C1".
#16 WARNING(ORCAP-36006): Part Name "PC16550D_DIP10040W600L2025_PC16550D" is renamed to "PC16550D_DIP10040W600L2025_PC16".
#17 WARNING(ORCAP-36006): Part Name "8086MIN_DIP10040W600L2025_8086MIN" is renamed to "8086MIN_DIP10040W600L2025_8086M".
INFO(ORCAP-36080): Scanning netlist files ...

Loading... E:\TOLU\LIBRARY\PROJECT1\ALLEGRO/pstchip.dat

Loading... E:\TOLU\LIBRARY\PROJECT1\ALLEGRO/pstchip.dat

Loading... E:\TOLU\LIBRARY\PROJECT1\ALLEGRO/pstxprt.dat

Loading... E:\TOLU\LIBRARY\PROJECT1\ALLEGRO/pstxnet.dat
packaging the design view...